<?xml version="1.0" encoding="utf-8"?><testsuites name="pytest tests"><testsuite name="pytest" errors="0" failures="1" skipped="0" tests="15" time="4.090" timestamp="2026-06-20T18:02:20.730851+00:00" hostname="agent-env-e46098f4-0bc5-4f9b-8f51-9d8b5b945f62"><testcase classname="backend.tests.test_integracoes.TestIntegracoesAuth" name="test_franqueado_can_read_own_slug" time="0.881" /><testcase classname="backend.tests.test_integracoes.TestIntegracoesAuth" name="test_franqueado_blocked_on_other_slug" time="0.108" /><testcase classname="backend.tests.test_integracoes.TestIntegracoesAuth" name="test_master_can_read_any_slug" time="0.808" /><testcase classname="backend.tests.test_integracoes.TestIntegracoesAuth" name="test_no_auth_blocked" time="0.099" /><testcase classname="backend.tests.test_integracoes.TestIntegracoesSaveAndMask" name="test_put_then_get_masked" time="0.242" /><testcase classname="backend.tests.test_integracoes.TestIntegracoesSaveAndMask" name="test_partial_update_preserves_other_secrets" time="0.218" /><testcase classname="backend.tests.test_integracoes.TestPublicMapsConfig" name="test_public_maps_config_returns_key" time="0.102" /><testcase classname="backend.tests.test_integracoes.TestPublicMapsConfig" name="test_public_maps_config_unknown_slug_returns_null" time="0.126" /><testcase classname="backend.tests.test_integracoes.TestFipeRemoved" name="test_fipe_marcas_removed" time="0.101" /><testcase classname="backend.tests.test_integracoes.TestRegression" name="test_health" time="0.095" /><testcase classname="backend.tests.test_integracoes.TestRegression" name="test_login_master" time="0.549" /><testcase classname="backend.tests.test_integracoes.TestRegression" name="test_usdt_rate" time="0.299"><failure message="assert False&#10; +  where False = any(&lt;generator object TestRegression.test_usdt_rate.&lt;locals&gt;.&lt;genexpr&gt; at 0xf9165a1ef220&gt;)">backend/tests/test_integracoes.py:162: in test_usdt_rate
    assert any(k in body for k in ("rate", "buy_rate", "sell_rate", "usdt_brl", "price"))
E   assert False
E    +  where False = any(&lt;generator object TestRegression.test_usdt_rate.&lt;locals&gt;.&lt;genexpr&gt; at 0xf9165a1ef220&gt;)</failure></testcase><testcase classname="backend.tests.test_integracoes.TestRegression" name="test_orders_my_orders" time="0.116" /><testcase classname="backend.tests.test_integracoes.TestRegression" name="test_user_payment_methods" time="0.134" /><testcase classname="backend.tests.test_integracoes.TestRegression" name="test_master_all_transactions" time="0.108" /></testsuite></testsuites>