<?xml version="1.0" encoding="utf-8"?><testsuites name="pytest tests"><testsuite name="pytest" errors="0" failures="0" skipped="0" tests="15" time="4.457" timestamp="2026-06-20T18:29:04.822131+00:00" hostname="agent-env-e46098f4-0bc5-4f9b-8f51-9d8b5b945f62"><testcase classname="backend.tests.test_fase2_credentials.TestRegression" name="test_health" time="0.257" /><testcase classname="backend.tests.test_fase2_credentials.TestRegression" name="test_master_login" time="0.632" /><testcase classname="backend.tests.test_fase2_credentials.TestRegression" name="test_franqueado_login" time="0.559" /><testcase classname="backend.tests.test_fase2_credentials.TestRegression" name="test_transmill_public" time="0.103" /><testcase classname="backend.tests.test_fase2_credentials.TestRegression" name="test_transmill_integracoes_master" time="0.710" /><testcase classname="backend.tests.test_fase2_credentials.TestRegression" name="test_transmill_integracoes_own_slug" time="0.656" /><testcase classname="backend.tests.test_fase2_credentials.TestRegression" name="test_cross_slug_forbidden" time="0.099" /><testcase classname="backend.tests.test_fase2_credentials.TestRegression" name="test_maps_config_public" time="0.103" /><testcase classname="backend.tests.test_fase2_credentials.TestRegression" name="test_my_orders_franqueado" time="0.098" /><testcase classname="backend.tests.test_fase2_credentials.TestRegression" name="test_master_all_transactions_no_objectid_error" time="0.104" /><testcase classname="backend.tests.test_fase2_credentials.TestRegression" name="test_fipe_still_404" time="0.107" /><testcase classname="backend.tests.test_fase2_credentials.TestFase2CredResolution" name="test_usdt_rate_with_franqueado_fallback_env" time="0.255" /><testcase classname="backend.tests.test_fase2_credentials.TestFase2CredResolution" name="test_usdt_calculate_fee_with_franqueado" time="0.243" /><testcase classname="backend.tests.test_fase2_credentials.TestFase2CredResolution" name="test_usdt_rate_with_master_fallback_env" time="0.250" /><testcase classname="backend.tests.test_fase2_credentials.TestFase2SetCreds" name="test_put_and_get_transmill_sp_xgate" time="0.203" /></testsuite></testsuites>