<?xml version="1.0" encoding="utf-8"?><testsuites name="pytest tests"><testsuite name="pytest" errors="0" failures="1" skipped="0" tests="30" time="8.892" timestamp="2026-06-20T17:41:42.161743+00:00" hostname="agent-env-e46098f4-0bc5-4f9b-8f51-9d8b5b945f62"><testcase classname="backend.tests.test_routes_migration_p0.TestAuth" name="test_master_login" time="0.610" /><testcase classname="backend.tests.test_routes_migration_p0.TestAuth" name="test_client_login" time="0.573" /><testcase classname="backend.tests.test_routes_migration_p0.TestAuth" name="test_login_invalid" time="0.099" /><testcase classname="backend.tests.test_routes_migration_p0.TestFipeRoutes" name="test_marcas_requires_auth" time="0.101" /><testcase classname="backend.tests.test_routes_migration_p0.TestFipeRoutes" name="test_marcas_with_auth" time="2.320" /><testcase classname="backend.tests.test_routes_migration_p0.TestFipeRoutes" name="test_modelos_endpoint_exists" time="0.388" /><testcase classname="backend.tests.test_routes_migration_p0.TestFipeRoutes" name="test_anos_endpoint_exists" time="0.754" /><testcase classname="backend.tests.test_routes_migration_p0.TestFipeRoutes" name="test_valor_endpoint_exists" time="0.811" /><testcase classname="backend.tests.test_routes_migration_p0.TestUsdtRoutes" name="test_usdt_rate" time="0.314" /><testcase classname="backend.tests.test_routes_migration_p0.TestUsdtRoutes" name="test_calculate_fee" time="0.221" /><testcase classname="backend.tests.test_routes_migration_p0.TestUsdtRoutes" name="test_pending_approvals_master" time="0.664" /><testcase classname="backend.tests.test_routes_migration_p0.TestUsdtRoutes" name="test_pending_approvals_denies_non_master" time="0.100" /><testcase classname="backend.tests.test_routes_migration_p0.TestProviderSchedule" name="test_provider_availability_client_gets_authz_msg" time="0.099" /><testcase classname="backend.tests.test_routes_migration_p0.TestProviderSchedule" name="test_provider_slots_endpoint_exists" time="0.100" /><testcase classname="backend.tests.test_routes_migration_p0.TestProviderSchedule" name="test_appointments_my" time="0.098" /><testcase classname="backend.tests.test_routes_migration_p0.TestOrdersRoutes" name="test_my_orders" time="0.101" /><testcase classname="backend.tests.test_routes_migration_p0.TestOrdersRoutes" name="test_catalog_endpoint_responds" time="0.101" /><testcase classname="backend.tests.test_routes_migration_p0.TestOrdersRoutes" name="test_merchant_orders_list" time="0.109" /><testcase classname="backend.tests.test_routes_migration_p0.TestOrdersRoutes" name="test_my_orders_requires_auth" time="0.108" /><testcase classname="backend.tests.test_routes_migration_p0.TestPaymentMethods" name="test_get_user_payment_methods" time="0.095" /><testcase classname="backend.tests.test_routes_migration_p0.TestPaymentMethods" name="test_patch_user_payment_methods" time="0.111" /><testcase classname="backend.tests.test_routes_migration_p0.TestPaymentMethods" name="test_get_requires_auth" time="0.098" /><testcase classname="backend.tests.test_routes_migration_p0.TestRegression" name="test_health" time="0.094" /><testcase classname="backend.tests.test_routes_migration_p0.TestRegression" name="test_merchants" time="0.098" /><testcase classname="backend.tests.test_routes_migration_p0.TestRegression" name="test_prestadores" time="0.111" /><testcase classname="backend.tests.test_routes_migration_p0.TestRegression" name="test_master_dashboard" time="0.098" /><testcase classname="backend.tests.test_routes_migration_p0.TestRegression" name="test_master_total_balance" time="0.106" /><testcase classname="backend.tests.test_routes_migration_p0.TestRegression" name="test_master_all_transactions" time="0.097"><failure message="AssertionError: master/all-transactions broken: 500 Internal Server Error&#10;assert 500 == 200&#10; +  where 500 = &lt;Response [500]&gt;.status_code">backend/tests/test_routes_migration_p0.py:308: in test_master_all_transactions
    assert r.status_code == 200, f"master/all-transactions broken: {r.status_code} {r.text[:200]}"
E   AssertionError: master/all-transactions broken: 500 Internal Server Error
E   assert 500 == 200
E    +  where 500 = &lt;Response [500]&gt;.status_code</failure></testcase><testcase classname="backend.tests.test_routes_migration_p0.TestRegression" name="test_mobility_driver_profile" time="0.101" /><testcase classname="backend.tests.test_routes_migration_p0.TestRegression" name="test_mobility_client_rides" time="0.098" /></testsuite></testsuites>