<?xml version="1.0" encoding="utf-8"?><testsuites name="pytest tests"><testsuite name="pytest" errors="0" failures="0" skipped="0" tests="14" time="8.403" timestamp="2026-06-20T16:50:10.460796+00:00" hostname="agent-env-30411512-70db-4825-9d6c-2f8f63ca5838"><testcase classname="tests.test_cleanup_verification.TestHealthAndAuth" name="test_health_returns_healthy" time="0.134" /><testcase classname="tests.test_cleanup_verification.TestHealthAndAuth" name="test_login_master_user" time="0.612" /><testcase classname="tests.test_cleanup_verification.TestHealthAndAuth" name="test_login_franchise_user" time="0.556" /><testcase classname="tests.test_cleanup_verification.TestMasterEndpoints" name="test_master_dashboard_no_labelview" time="0.665" /><testcase classname="tests.test_cleanup_verification.TestMasterEndpoints" name="test_master_business_segments" time="0.666" /><testcase classname="tests.test_cleanup_verification.TestMobilityEndpoints" name="test_mobility_driver_profile" time="0.646" /><testcase classname="tests.test_cleanup_verification.TestMobilityEndpoints" name="test_mobility_client_rides" time="0.653" /><testcase classname="tests.test_cleanup_verification.TestMobilityEndpoints" name="test_mobility_nearby_drivers" time="0.665" /><testcase classname="tests.test_cleanup_verification.TestRemovedFeatures" name="test_labelview_endpoints_removed" time="1.101" /><testcase classname="tests.test_cleanup_verification.TestRemovedFeatures" name="test_master_internet_plans_removed" time="0.659" /><testcase classname="tests.test_cleanup_verification.TestRemovedFeatures" name="test_master_telemedicine_plans_removed" time="0.661" /><testcase classname="tests.test_cleanup_verification.TestPublicEndpoints" name="test_public_business_segments_active" time="0.102" /><testcase classname="tests.test_cleanup_verification.TestWalletEndpoints" name="test_wallet_balance_in_login" time="0.551" /><testcase classname="tests.test_cleanup_verification.TestWalletEndpoints" name="test_transactions_history" time="0.662" /></testsuite></testsuites>