<?xml version="1.0" encoding="utf-8"?><testsuites name="pytest tests"><testsuite name="pytest" errors="0" failures="0" skipped="0" tests="16" time="7.888" timestamp="2026-01-23T21:21:50.221409+00:00" hostname="agent-env-7ce61729-1d4a-44cf-89e0-8eed3e8be37d"><testcase classname="backend.tests.test_suporte_system.TestSuporteAuthentication" name="test_chamados_requires_auth" time="0.061" /><testcase classname="backend.tests.test_suporte_system.TestSuporteAuthentication" name="test_create_chamado_requires_auth" time="0.075" /><testcase classname="backend.tests.test_suporte_system.TestFranchiseSuporteOperations" name="test_franchise_can_create_chamado" time="0.547" /><testcase classname="backend.tests.test_suporte_system.TestFranchiseSuporteOperations" name="test_franchise_can_list_own_chamados" time="0.509" /><testcase classname="backend.tests.test_suporte_system.TestFranchiseSuporteOperations" name="test_franchise_can_get_chamado_details" time="0.508" /><testcase classname="backend.tests.test_suporte_system.TestFranchiseSuporteOperations" name="test_franchise_can_add_message" time="0.537" /><testcase classname="backend.tests.test_suporte_system.TestFranchiseSuporteOperations" name="test_franchise_can_filter_by_status" time="0.503" /><testcase classname="backend.tests.test_suporte_system.TestMasterSuporteOperations" name="test_master_can_list_all_chamados" time="0.550" /><testcase classname="backend.tests.test_suporte_system.TestMasterSuporteOperations" name="test_master_can_get_any_chamado" time="0.508" /><testcase classname="backend.tests.test_suporte_system.TestMasterSuporteOperations" name="test_master_can_respond_to_chamado" time="0.498" /><testcase classname="backend.tests.test_suporte_system.TestMasterSuporteOperations" name="test_master_can_update_status" time="0.541" /><testcase classname="backend.tests.test_suporte_system.TestMasterSuporteOperations" name="test_master_can_resolve_chamado" time="0.501" /><testcase classname="backend.tests.test_suporte_system.TestMasterSuporteOperations" name="test_master_cannot_create_chamado" time="0.511" /><testcase classname="backend.tests.test_suporte_system.TestSuporteValidation" name="test_invalid_chamado_id_returns_404" time="0.501" /><testcase classname="backend.tests.test_suporte_system.TestSuporteValidation" name="test_invalid_status_returns_400" time="0.967" /><testcase classname="backend.tests.test_suporte_system.TestExistingChamado" name="test_existing_chamado_accessible" time="0.503" /></testsuite></testsuites>