<?xml version="1.0" encoding="utf-8"?><testsuites name="pytest tests"><testsuite name="pytest" errors="0" failures="0" skipped="0" tests="13" time="4.077" timestamp="2026-01-23T16:05:00.757076+00:00" hostname="agent-env-8e56a0b4-1917-4c1f-9af2-6517213c94e8"><testcase classname="backend.tests.test_transmill_v2_38_19.TestVersionAPI" name="test_version_endpoint_returns_200" time="0.082" /><testcase classname="backend.tests.test_transmill_v2_38_19.TestVersionAPI" name="test_version_returns_v2_38_19" time="0.035" /><testcase classname="backend.tests.test_transmill_v2_38_19.TestVersionAPI" name="test_version_has_bugfix_info" time="0.039" /><testcase classname="backend.tests.test_transmill_v2_38_19.TestAdminMasterLogin" name="test_login_endpoint_exists" time="0.055" /><testcase classname="backend.tests.test_transmill_v2_38_19.TestAdminMasterLogin" name="test_admin_master_login_success" time="0.511" /><testcase classname="backend.tests.test_transmill_v2_38_19.TestAdminMasterLogin" name="test_admin_master_has_correct_user_type" time="0.499" /><testcase classname="backend.tests.test_transmill_v2_38_19.TestAdminFranquiasStats" name="test_stats_endpoint_requires_auth" time="0.037" /><testcase classname="backend.tests.test_transmill_v2_38_19.TestAdminFranquiasStats" name="test_stats_endpoint_returns_data" time="0.531" /><testcase classname="backend.tests.test_transmill_v2_38_19.TestAdminFranquiasStats" name="test_stats_has_required_fields" time="0.534" /><testcase classname="backend.tests.test_transmill_v2_38_19.TestFranquiasEndpoint" name="test_franquias_endpoint_returns_list" time="0.534" /><testcase classname="backend.tests.test_transmill_v2_38_19.TestSolicitacoesEndpoint" name="test_solicitacoes_endpoint_exists" time="0.570" /><testcase classname="backend.tests.test_transmill_v2_38_19.TestSolicitacoesEndpoint" name="test_solicitacoes_no_typeerror" time="0.537" /><testcase classname="backend.tests.test_transmill_v2_38_19.TestHealthEndpoint" name="test_health_endpoint_returns_200" time="0.037" /></testsuite></testsuites>