<?xml version="1.0" encoding="utf-8"?><testsuites name="pytest tests"><testsuite name="pytest" errors="0" failures="0" skipped="0" tests="16" time="11.284" timestamp="2026-03-12T16:08:22.368362+00:00" hostname="agent-env-30411512-70db-4825-9d6c-2f8f63ca5838"><testcase classname="tests.test_routes_refactor.TestHealthEndpoint" name="test_health_returns_healthy" time="0.198" /><testcase classname="tests.test_routes_refactor.TestAuthenticationFlow" name="test_login_master_user" time="0.630" /><testcase classname="tests.test_routes_refactor.TestAuthenticationFlow" name="test_login_franchise_user" time="0.579" /><testcase classname="tests.test_routes_refactor.TestMobilityRoutes" name="test_get_driver_profile" time="0.711" /><testcase classname="tests.test_routes_refactor.TestMobilityRoutes" name="test_get_client_rides" time="0.695" /><testcase classname="tests.test_routes_refactor.TestMobilityRoutes" name="test_get_nearby_drivers" time="0.692" /><testcase classname="tests.test_routes_refactor.TestMobilityRoutes" name="test_mobility_requires_auth" time="0.674" /><testcase classname="tests.test_routes_refactor.TestMasterRoutes" name="test_get_business_segments_master" time="1.328" /><testcase classname="tests.test_routes_refactor.TestMasterRoutes" name="test_get_service_provider_types_master" time="1.289" /><testcase classname="tests.test_routes_refactor.TestMasterRoutes" name="test_get_internet_plans_master" time="1.276" /><testcase classname="tests.test_routes_refactor.TestMasterRoutes" name="test_get_telemedicine_plans_master" time="1.341" /><testcase classname="tests.test_routes_refactor.TestMasterRoutes" name="test_master_endpoints_deny_franchise_user" time="1.310" /><testcase classname="tests.test_routes_refactor.TestPublicEndpoints" name="test_get_active_business_segments_public" time="0.124" /><testcase classname="tests.test_routes_refactor.TestPublicEndpoints" name="test_get_public_service_provider_types" time="0.115" /><testcase classname="tests.test_routes_refactor.TestPublicEndpoints" name="test_get_internet_plans_requires_auth" time="0.141" /><testcase classname="tests.test_routes_refactor.TestPublicEndpoints" name="test_get_public_telemedicine_plans" time="0.109" /></testsuite></testsuites>