<?xml version="1.0" encoding="utf-8"?><testsuites name="pytest tests"><testsuite name="pytest" errors="0" failures="0" skipped="0" tests="13" time="8.093" timestamp="2026-02-23T16:24:19.872894+00:00" hostname="agent-env-bf64d8a5-18cf-4c61-8656-63819d9eea82"><testcase classname="backend.tests.test_crm_kanban.TestCRMKanbanAuthentication" name="test_get_leads_requires_auth" time="0.303" /><testcase classname="backend.tests.test_crm_kanban.TestCRMKanbanAuthentication" name="test_create_lead_requires_auth" time="0.156" /><testcase classname="backend.tests.test_crm_kanban.TestCRMKanbanAuthentication" name="test_update_lead_status_requires_auth" time="0.183" /><testcase classname="backend.tests.test_crm_kanban.TestCRMKanbanAuthentication" name="test_delete_lead_requires_auth" time="0.147" /><testcase classname="backend.tests.test_crm_kanban.TestMasterCRMAccess" name="test_master_can_list_all_leads" time="0.751" /><testcase classname="backend.tests.test_crm_kanban.TestMasterCRMAccess" name="test_master_can_create_lead" time="0.125" /><testcase classname="backend.tests.test_crm_kanban.TestMasterCRMAccess" name="test_master_can_update_lead_status" time="0.940" /><testcase classname="backend.tests.test_crm_kanban.TestMasterCRMAccess" name="test_master_can_delete_lead" time="0.572" /><testcase classname="backend.tests.test_crm_kanban.TestInvalidStatusUpdate" name="test_invalid_status_rejected" time="0.992" /><testcase classname="backend.tests.test_crm_kanban.TestInvalidStatusUpdate" name="test_nonexistent_lead_returns_error" time="0.204" /><testcase classname="backend.tests.test_crm_kanban.TestSearchAndFilters" name="test_leads_response_structure" time="0.714" /><testcase classname="backend.tests.test_crm_kanban.TestCRUDFlow" name="test_complete_crud_flow" time="1.577" /><testcase classname="backend.tests.test_crm_kanban.TestCleanup" name="test_cleanup_test_leads" time="1.344" /></testsuite></testsuites>